<?xml version="1.0" encoding="utf-8"?><testsuites name="pytest tests"><testsuite name="pytest" errors="0" failures="0" skipped="0" tests="9" time="6.056" timestamp="2026-07-05T23:38:49.205732+00:00" hostname="agent-env-af17b9c9-bd42-4f7c-b34e-f9b1392894e2"><testcase classname="backend.tests.test_security_fixes.TestRegression" name="test_root_version" time="0.205" /><testcase classname="backend.tests.test_security_fixes.TestRegression" name="test_decide_happy_path" time="0.134" /><testcase classname="backend.tests.test_security_fixes.TestAnalyzeImageSecurity" name="test_size_cap_returns_413" time="0.419" /><testcase classname="backend.tests.test_security_fixes.TestAnalyzeImageSecurity" name="test_rate_limit_returns_429_after_12" time="1.563" /><testcase classname="backend.tests.test_security_fixes.TestAnalyzeImageSecurity" name="test_error_messages_sanitized" time="0.160" /><testcase classname="backend.tests.test_security_fixes.TestAnalyzeImageSecurity" name="test_analyze_image_minimal_ok_or_graceful" time="1.693" /><testcase classname="backend.tests.test_security_fixes.TestHistoryDeviceIsolation" name="test_create_and_list_isolated" time="1.103" /><testcase classname="backend.tests.test_security_fixes.TestHistoryDeviceIsolation" name="test_missing_device_id_falls_back_to_ip" time="0.305" /><testcase classname="backend.tests.test_security_fixes.TestHistoryDeviceIsolation" name="test_malformed_device_id_falls_back" time="0.396" /></testsuite></testsuites>